Release 14.7 - xst P.20131013 (nt64)
Copyright (c) 1995-2013 Xilinx, Inc.  All rights reserved.
--> Parameter TMPDIR set to xst/projnav.tmp


Total REAL time to Xst completion: 0.00 secs
Total CPU time to Xst completion: 0.22 secs
 
--> Parameter xsthdpdir set to xst


Total REAL time to Xst completion: 0.00 secs
Total CPU time to Xst completion: 0.22 secs
 
--> Reading design: PRS_Data_Relay.prj

TABLE OF CONTENTS
  1) Synthesis Options Summary
  2) HDL Parsing
  3) HDL Elaboration
  4) HDL Synthesis
       4.1) HDL Synthesis Report
  5) Advanced HDL Synthesis
       5.1) Advanced HDL Synthesis Report
  6) Low Level Synthesis
  7) Partition Report
  8) Design Summary
       8.1) Primitive and Black Box Usage
       8.2) Device utilization summary
       8.3) Partition Resource Summary
       8.4) Timing Report
            8.4.1) Clock Information
            8.4.2) Asynchronous Control Signals Information
            8.4.3) Timing Summary
            8.4.4) Timing Details
            8.4.5) Cross Clock Domains Report


=========================================================================
*                      Synthesis Options Summary                        *
=========================================================================
---- Source Parameters
Input File Name                    : "PRS_Data_Relay.prj"
Ignore Synthesis Constraint File   : NO

---- Target Parameters
Output File Name                   : "PRS_Data_Relay"
Output Format                      : NGC
Target Device                      : xc6slx16-3-csg324

---- Source Options
Top Module Name                    : PRS_Data_Relay
Automatic FSM Extraction           : YES
FSM Encoding Algorithm             : Auto
Safe Implementation                : No
FSM Style                          : LUT
RAM Extraction                     : Yes
RAM Style                          : Auto
ROM Extraction                     : Yes
Shift Register Extraction          : YES
ROM Style                          : Auto
Resource Sharing                   : YES
Asynchronous To Synchronous        : NO
Shift Register Minimum Size        : 2
Use DSP Block                      : Auto
Automatic Register Balancing       : No

---- Target Options
LUT Combining                      : Auto
Reduce Control Sets                : Auto
Add IO Buffers                     : YES
Global Maximum Fanout              : 100000
Add Generic Clock Buffer(BUFG)     : 16
Register Duplication               : YES
Optimize Instantiated Primitives   : NO
Use Clock Enable                   : Auto
Use Synchronous Set                : Auto
Use Synchronous Reset              : Auto
Pack IO Registers into IOBs        : Auto
Equivalent register Removal        : YES

---- General Options
Optimization Goal                  : Speed
Optimization Effort                : 1
Power Reduction                    : NO
Keep Hierarchy                     : No
Netlist Hierarchy                  : As_Optimized
RTL Output                         : Yes
Global Optimization                : AllClockNets
Read Cores                         : YES
Write Timing Constraints           : NO
Cross Clock Analysis               : NO
Hierarchy Separator                : /
Bus Delimiter                      : <>
Case Specifier                     : Maintain
Slice Utilization Ratio            : 100
BRAM Utilization Ratio             : 100
DSP48 Utilization Ratio            : 100
Auto BRAM Packing                  : NO
Slice Utilization Ratio Delta      : 5

=========================================================================


=========================================================================
*                          HDL Parsing                                  *
=========================================================================
Parsing VHDL file "C:\Users\keegan\Documents\TRAPSat\RockSat-X\xilinx\prs_data_relay\PRS_Data_Relay.vhd" into library work
Parsing entity <PRS_Data_Relay>.
Parsing architecture <PRS_Data_Relay_Behavioral> of entity <prs_data_relay>.

=========================================================================
*                            HDL Elaboration                            *
=========================================================================

Elaborating entity <PRS_Data_Relay> (architecture <PRS_Data_Relay_Behavioral>) from library <work>.
WARNING:HDLCompiler:92 - "C:\Users\keegan\Documents\TRAPSat\RockSat-X\xilinx\prs_data_relay\PRS_Data_Relay.vhd" Line 65: state should be on the sensitivity list of the process
WARNING:HDLCompiler:92 - "C:\Users\keegan\Documents\TRAPSat\RockSat-X\xilinx\prs_data_relay\PRS_Data_Relay.vhd" Line 68: state should be on the sensitivity list of the process
WARNING:HDLCompiler:92 - "C:\Users\keegan\Documents\TRAPSat\RockSat-X\xilinx\prs_data_relay\PRS_Data_Relay.vhd" Line 74: state should be on the sensitivity list of the process
WARNING:HDLCompiler:92 - "C:\Users\keegan\Documents\TRAPSat\RockSat-X\xilinx\prs_data_relay\PRS_Data_Relay.vhd" Line 76: prs_sig should be on the sensitivity list of the process

=========================================================================
*                           HDL Synthesis                               *
=========================================================================

Synthesizing Unit <PRS_Data_Relay>.
    Related source file is "C:\Users\keegan\Documents\TRAPSat\RockSat-X\xilinx\prs_data_relay\PRS_Data_Relay.vhd".
WARNING:Xst:647 - Input <clock> is never used. This port will be preserved and left unconnected if it belongs to a top-level block or it belongs to a sub-block and the hierarchy of this sub-block is preserved.
    Found 7-bit adder for signal <state[6]_GND_5_o_add_4_OUT> created at line 74.
WARNING:Xst:737 - Found 1-bit latch for signal <state<6>>. Latches may be generated from incomplete case or if statements. We do not recommend the use of latches in FPGA/CPLD designs, as they may lead to timing problems.
WARNING:Xst:737 - Found 1-bit latch for signal <state<5>>. Latches may be generated from incomplete case or if statements. We do not recommend the use of latches in FPGA/CPLD designs, as they may lead to timing problems.
WARNING:Xst:737 - Found 1-bit latch for signal <state<4>>. Latches may be generated from incomplete case or if statements. We do not recommend the use of latches in FPGA/CPLD designs, as they may lead to timing problems.
WARNING:Xst:737 - Found 1-bit latch for signal <state<3>>. Latches may be generated from incomplete case or if statements. We do not recommend the use of latches in FPGA/CPLD designs, as they may lead to timing problems.
WARNING:Xst:737 - Found 1-bit latch for signal <state<2>>. Latches may be generated from incomplete case or if statements. We do not recommend the use of latches in FPGA/CPLD designs, as they may lead to timing problems.
WARNING:Xst:737 - Found 1-bit latch for signal <state<1>>. Latches may be generated from incomplete case or if statements. We do not recommend the use of latches in FPGA/CPLD designs, as they may lead to timing problems.
WARNING:Xst:737 - Found 1-bit latch for signal <state<0>>. Latches may be generated from incomplete case or if statements. We do not recommend the use of latches in FPGA/CPLD designs, as they may lead to timing problems.
WARNING:Xst:737 - Found 1-bit latch for signal <prs_sig>. Latches may be generated from incomplete case or if statements. We do not recommend the use of latches in FPGA/CPLD designs, as they may lead to timing problems.
    Summary:
	inferred   1 Adder/Subtractor(s).
	inferred   8 Latch(s).
Unit <PRS_Data_Relay> synthesized.

=========================================================================
HDL Synthesis Report

Macro Statistics
# Adders/Subtractors                                   : 1
 7-bit adder                                           : 1
# Latches                                              : 8
 1-bit latch                                           : 8

=========================================================================

=========================================================================
*                       Advanced HDL Synthesis                          *
=========================================================================


=========================================================================
Advanced HDL Synthesis Report

Macro Statistics
# Adders/Subtractors                                   : 1
 7-bit adder                                           : 1

=========================================================================

=========================================================================
*                         Low Level Synthesis                           *
=========================================================================

Optimizing unit <PRS_Data_Relay> ...

Mapping all equations...
Building and optimizing final netlist ...
Found area constraint ratio of 100 (+ 5) on block PRS_Data_Relay, actual ratio is 0.

Final Macro Processing ...

=========================================================================
Final Register Report

Found no macro
=========================================================================

=========================================================================
*                           Partition Report                            *
=========================================================================

Partition Implementation Status
-------------------------------

  No Partitions were found in this design.

-------------------------------

=========================================================================
*                            Design Summary                             *
=========================================================================

Top Level Output File Name         : PRS_Data_Relay.ngc

Primitive and Black Box Usage:
------------------------------
# BELS                             : 11
#      INV                         : 1
#      LUT2                        : 1
#      LUT3                        : 3
#      LUT4                        : 1
#      LUT5                        : 4
#      LUT6                        : 1
# FlipFlops/Latches                : 8
#      LD_1                        : 1
#      LDC_1                       : 7
# IO Buffers                       : 1
#      OBUF                        : 1

Device utilization summary:
---------------------------

Selected Device : 6slx16csg324-3 


Slice Logic Utilization: 
 Number of Slice Registers:               7  out of  18224     0%  
 Number of Slice LUTs:                   11  out of   9112     0%  
    Number used as Logic:                11  out of   9112     0%  

Slice Logic Distribution: 
 Number of LUT Flip Flop pairs used:     11
   Number with an unused Flip Flop:       4  out of     11    36%  
   Number with an unused LUT:             0  out of     11     0%  
   Number of fully used LUT-FF pairs:     7  out of     11    63%  
   Number of unique control sets:         2

IO Utilization: 
 Number of IOs:                          11
 Number of bonded IOBs:                   1  out of    232     0%  
    IOB Flip Flops/Latches:               1

Specific Feature Utilization:

---------------------------
Partition Resource Summary:
---------------------------

  No Partitions were found in this design.

---------------------------


=========================================================================
Timing Report

NOTE: THESE TIMING NUMBERS ARE ONLY A SYNTHESIS ESTIMATE.
      FOR ACCURATE TIMING INFORMATION PLEASE REFER TO THE TRACE REPORT
      GENERATED AFTER PLACE-and-ROUTE.

Clock Information:
------------------
------------------------------------------------------------+------------------------+-------+
Clock Signal                                                | Clock buffer(FF name)  | Load  |
------------------------------------------------------------+------------------------+-------+
state[6]_GND_5_o_equal_4_o(state[6]_GND_5_o_equal_4_o<6>1:O)| NONE(*)(state_5)       | 7     |
state[6]_PWR_5_o_equal_3_o(state[6]_PWR_5_o_equal_3_o<6>1:O)| NONE(*)(prs_sig)       | 1     |
------------------------------------------------------------+------------------------+-------+
(*) These 2 clock signal(s) are generated by combinatorial logic,
and XST is not able to identify which are the primary clock signals.
Please use the CLOCK_SIGNAL constraint to specify the clock signal(s) generated by combinatorial logic.
INFO:Xst:2169 - HDL ADVISOR - Some clock signals were not automatically buffered by XST with BUFG/BUFR resources. Please use the buffer_type constraint in order to insert these buffers to the clock signals to help prevent skew problems.

Asynchronous Control Signals Information:
----------------------------------------
No asynchronous control signals found in this design

Timing Summary:
---------------
Speed Grade: -3

   Minimum period: 3.668ns (Maximum Frequency: 272.602MHz)
   Minimum input arrival time before clock: No path found
   Maximum output required time after clock: 3.648ns
   Maximum combinational path delay: No path found

Timing Details:
---------------
All values displayed in nanoseconds (ns)

=========================================================================
Timing constraint: Default period analysis for Clock 'state[6]_GND_5_o_equal_4_o'
  Clock period: 3.668ns (frequency: 272.602MHz)
  Total number of paths / destination ports: 77 / 14
-------------------------------------------------------------------------
Delay:               3.668ns (Levels of Logic = 2)
  Source:            state_4 (LATCH)
  Destination:       state_5 (LATCH)
  Source Clock:      state[6]_GND_5_o_equal_4_o rising
  Destination Clock: state[6]_GND_5_o_equal_4_o rising

  Data Path: state_4 to state_5
                                Gate     Net
    Cell:in->out      fanout   Delay   Delay  Logical Name (Net Name)
    ----------------------------------------  ------------
     LDC_1:G->Q            4   0.498   0.912  state_4 (state_4)
     LUT3:I0->O            2   0.205   0.617  state[6]_GND_5_o_equal_4_o<6>11 (state[6]_GND_5_o_equal_4_o<6>1)
     LUT5:I4->O            8   0.205   0.802  state[6]_PWR_5_o_equal_3_o<6>1 (state[6]_PWR_5_o_equal_3_o)
     LDC_1:CLR                 0.430          state_5
    ----------------------------------------
    Total                      3.668ns (1.338ns logic, 2.330ns route)
                                       (36.5% logic, 63.5% route)

=========================================================================
Timing constraint: Default OFFSET OUT AFTER for Clock 'state[6]_PWR_5_o_equal_3_o'
  Total number of paths / destination ports: 1 / 1
-------------------------------------------------------------------------
Offset:              3.648ns (Levels of Logic = 1)
  Source:            prs_sig (LATCH)
  Destination:       prs (PAD)
  Source Clock:      state[6]_PWR_5_o_equal_3_o rising

  Data Path: prs_sig to prs
                                Gate     Net
    Cell:in->out      fanout   Delay   Delay  Logical Name (Net Name)
    ----------------------------------------  ------------
     LD_1:G->Q             1   0.498   0.579  prs_sig (prs_sig)
     OBUF:I->O                 2.571          prs_OBUF (prs)
    ----------------------------------------
    Total                      3.648ns (3.069ns logic, 0.579ns route)
                                       (84.1% logic, 15.9% route)

=========================================================================

Cross Clock Domains Report:
--------------------------

Clock to Setup on destination clock state[6]_GND_5_o_equal_4_o
--------------------------+---------+---------+---------+---------+
                          | Src:Rise| Src:Fall| Src:Rise| Src:Fall|
Source Clock              |Dest:Rise|Dest:Rise|Dest:Fall|Dest:Fall|
--------------------------+---------+---------+---------+---------+
state[6]_GND_5_o_equal_4_o|    3.668|         |         |         |
--------------------------+---------+---------+---------+---------+

Clock to Setup on destination clock state[6]_PWR_5_o_equal_3_o
--------------------------+---------+---------+---------+---------+
                          | Src:Rise| Src:Fall| Src:Rise| Src:Fall|
Source Clock              |Dest:Rise|Dest:Rise|Dest:Fall|Dest:Fall|
--------------------------+---------+---------+---------+---------+
state[6]_GND_5_o_equal_4_o|    2.474|         |         |         |
--------------------------+---------+---------+---------+---------+

=========================================================================


Total REAL time to Xst completion: 12.00 secs
Total CPU time to Xst completion: 11.85 secs
 
--> 

Total memory usage is 259856 kilobytes

Number of errors   :    0 (   0 filtered)
Number of warnings :   13 (   0 filtered)
Number of infos    :    1 (   0 filtered)

